<?xml version="1.0" encoding="UTF-8"?>
<!-- Generated by org.testng.reporters.JUnitXMLReporter -->
<testsuite ignored="0" hostname="DMathew" failures="0" tests="4" name="TestNG1" time="41.095" errors="0" timestamp="2023-09-07T01:12:36 EDT">
  <testcase classname="testlayer.LoginTest" name="Title" time="0.024"/>
  <testcase classname="testlayer.LoginTest" name="Login" time="3.077"/>
  <testcase classname="testlayer.LoginTest" name="Login" time="3.067"/>
  <testcase classname="testlayer.LoginTest" name="Login" time="3.066"/>
</testsuite> <!-- TestNG1 -->
