<?xml version="1.0" encoding="UTF-8"?>
<!-- Generated by org.testng.reporters.JUnitXMLReporter -->
<testsuite ignored="0" hostname="DMathew" failures="0" tests="4" name="Default test" time="40.332" errors="0" timestamp="2023-09-07T00:45:53 EDT">
  <testcase classname="testlayer.LoginTest" name="Title" time="0.022"/>
  <testcase classname="testlayer.LoginTest" name="Login" time="3.081"/>
  <testcase classname="testlayer.LoginTest" name="Login" time="3.068"/>
  <testcase classname="testlayer.LoginTest" name="Login" time="3.069"/>
</testsuite> <!-- Default test -->
