<?xml version="1.0" encoding="UTF-8"?>
<testng-results ignored="0" total="4" passed="4" failed="0" skipped="0">
  <reporter-output>
  </reporter-output>
  <suite started-at="2023-09-07T01:11:55 EDT" name="OrangeHRM" finished-at="2023-09-07T01:12:36 EDT" duration-ms="41095">
    <groups>
    </groups>
    <test started-at="2023-09-07T01:11:55 EDT" name="TestNG1" finished-at="2023-09-07T01:12:36 EDT" duration-ms="41095">
      <class name="testlayer.LoginTest">
        <test-method is-config="true" signature="initsetup()[pri:0, instance:testlayer.LoginTest@4d5d943d]" started-at="2023-09-07T01:11:55 EDT" name="initsetup" finished-at="2023-09-07T01:12:03 EDT" duration-ms="8246" status="PASS">
          <reporter-output>
          </reporter-output>
        </test-method> <!-- initsetup -->
        <test-method signature="Title()[pri:1, instance:testlayer.LoginTest@4d5d943d]" started-at="2023-09-07T01:12:03 EDT" name="Title" finished-at="2023-09-07T01:12:03 EDT" duration-ms="24" status="PASS">
          <reporter-output>
          </reporter-output>
        </test-method> <!-- Title -->
        <test-method is-config="true" signature="close()[pri:0, instance:testlayer.LoginTest@4d5d943d]" started-at="2023-09-07T01:12:03 EDT" name="close" finished-at="2023-09-07T01:12:04 EDT" duration-ms="838" status="PASS">
          <reporter-output>
          </reporter-output>
        </test-method> <!-- close -->
        <test-method is-config="true" signature="initsetup()[pri:0, instance:testlayer.LoginTest@4d5d943d]" started-at="2023-09-07T01:12:05 EDT" name="initsetup" finished-at="2023-09-07T01:12:11 EDT" duration-ms="6698" status="PASS">
          <reporter-output>
          </reporter-output>
        </test-method> <!-- initsetup -->
        <test-method signature="Login(java.lang.String,java.lang.String)[pri:2, instance:testlayer.LoginTest@4d5d943d]" started-at="2023-09-07T01:12:11 EDT" name="Login" data-provider="Details" finished-at="2023-09-07T01:12:14 EDT" duration-ms="3077" status="PASS">
          <params>
            <param index="0">
              <value>
                <![CDATA[Admin]]>
              </value>
            </param>
            <param index="1">
              <value>
                <![CDATA[admin123]]>
              </value>
            </param>
          </params>
          <reporter-output>
          </reporter-output>
        </test-method> <!-- Login -->
        <test-method is-config="true" signature="close()[pri:0, instance:testlayer.LoginTest@4d5d943d]" started-at="2023-09-07T01:12:14 EDT" name="close" finished-at="2023-09-07T01:12:15 EDT" duration-ms="657" status="PASS">
          <reporter-output>
          </reporter-output>
        </test-method> <!-- close -->
        <test-method is-config="true" signature="initsetup()[pri:0, instance:testlayer.LoginTest@4d5d943d]" started-at="2023-09-07T01:12:15 EDT" name="initsetup" finished-at="2023-09-07T01:12:22 EDT" duration-ms="6751" status="PASS">
          <reporter-output>
          </reporter-output>
        </test-method> <!-- initsetup -->
        <test-method signature="Login(java.lang.String,java.lang.String)[pri:2, instance:testlayer.LoginTest@4d5d943d]" started-at="2023-09-07T01:12:22 EDT" name="Login" data-provider="Details" finished-at="2023-09-07T01:12:25 EDT" duration-ms="3067" status="PASS">
          <params>
            <param index="0">
              <value>
                <![CDATA[Admin]]>
              </value>
            </param>
            <param index="1">
              <value>
                <![CDATA[abcd]]>
              </value>
            </param>
          </params>
          <reporter-output>
          </reporter-output>
        </test-method> <!-- Login -->
        <test-method is-config="true" signature="close()[pri:0, instance:testlayer.LoginTest@4d5d943d]" started-at="2023-09-07T01:12:25 EDT" name="close" finished-at="2023-09-07T01:12:26 EDT" duration-ms="751" status="PASS">
          <reporter-output>
          </reporter-output>
        </test-method> <!-- close -->
        <test-method is-config="true" signature="initsetup()[pri:0, instance:testlayer.LoginTest@4d5d943d]" started-at="2023-09-07T01:12:26 EDT" name="initsetup" finished-at="2023-09-07T01:12:32 EDT" duration-ms="6683" status="PASS">
          <reporter-output>
          </reporter-output>
        </test-method> <!-- initsetup -->
        <test-method signature="Login(java.lang.String,java.lang.String)[pri:2, instance:testlayer.LoginTest@4d5d943d]" started-at="2023-09-07T01:12:32 EDT" name="Login" data-provider="Details" finished-at="2023-09-07T01:12:35 EDT" duration-ms="3066" status="PASS">
          <params>
            <param index="0">
              <value>
                <![CDATA[scott]]>
              </value>
            </param>
            <param index="1">
              <value>
                <![CDATA[xyz]]>
              </value>
            </param>
          </params>
          <reporter-output>
          </reporter-output>
        </test-method> <!-- Login -->
        <test-method is-config="true" signature="close()[pri:0, instance:testlayer.LoginTest@4d5d943d]" started-at="2023-09-07T01:12:35 EDT" name="close" finished-at="2023-09-07T01:12:36 EDT" duration-ms="764" status="PASS">
          <reporter-output>
          </reporter-output>
        </test-method> <!-- close -->
      </class> <!-- testlayer.LoginTest -->
    </test> <!-- TestNG1 -->
  </suite> <!-- OrangeHRM -->
</testng-results>
